Using pre-set license
Built from '2021.1/staging' branch; Version is '2021.1.7f1 (d91830b65d9b) revision 14227504'; Using compiler version '192528614'; Build Type 'Release'
OS: 'Windows 10 Pro; OS build 19043.1052; Version 2009; 64bit' Language: 'en' Physical Memory: 16318 MB
BatchMode: 1, IsHumanControllingUs: 0, StartBugReporterOnCrash: 0, Is64bit: 1, IsPro: 0

 COMMAND LINE ARGUMENTS:
C:\Users\Camryn\Documents\Unity Installs\2021.1.7f1\Editor\Unity.exe
-adb2
-batchMode
-noUpm
-name
AssetImportWorker0
-projectPath
C:/Users/Camryn/git/2DRunner
-logFile
Logs/AssetImportWorker0.log
-srvPort
59443
Successfully changed project path to: C:/Users/Camryn/git/2DRunner
C:/Users/Camryn/git/2DRunner
Using Asset Import Pipeline V2.
Refreshing native plugins compatible for Editor in 74.09 ms, found 2 plugins.
Preloading 0 native plugins for Editor in 0.00 ms.
Initialize engine version: 2021.1.7f1 (d91830b65d9b)
[Subsystems] Discovering subsystems at path C:/Users/Camryn/Documents/Unity Installs/2021.1.7f1/Editor/Data/Resources/UnitySubsystems
[Subsystems] Discovering subsystems at path C:/Users/Camryn/git/2DRunner/Assets
GfxDevice: creating device client; threaded=0; jobified=0
Direct3D:
    Version:  Direct3D 11.0 [level 11.1]
    Renderer: NVIDIA GeForce RTX 2080 (ID=0x1e87)
    Vendor:   NVIDIA
    VRAM:     8010 MB
    Driver:   27.21.14.6677
Initialize mono
Mono path[0] = 'C:/Users/Camryn/Documents/Unity Installs/2021.1.7f1/Editor/Data/Managed'
Mono path[1] = 'C:/Users/Camryn/Documents/Unity Installs/2021.1.7f1/Editor/Data/MonoBleedingEdge/lib/mono/unityjit'
Mono config path = 'C:/Users/Camryn/Documents/Unity Installs/2021.1.7f1/Editor/Data/MonoBleedingEdge/etc'
Using monoOptions --debugger-agent=transport=dt_socket,embedding=1,server=y,suspend=n,address=127.0.0.1:56308
Begin MonoManager ReloadAssembly
Registering precompiled unity dll's ...
Register platform support module: C:/Users/Camryn/Documents/Unity Installs/2021.1.7f1/Editor/Data/PlaybackEngines/MacStandaloneSupport/UnityEditor.OSXStandalone.Extensions.dll
Register platform support module: C:/Users/Camryn/Documents/Unity Installs/2021.1.7f1/Editor/Data/PlaybackEngines/WindowsStandaloneSupport/UnityEditor.WindowsStandalone.Extensions.dll
Registered in 0.001878 seconds.
Native extension for WindowsStandalone target not found
Native extension for OSXStandalone target not found
Refreshing native plugins compatible for Editor in 75.78 ms, found 2 plugins.
Preloading 0 native plugins for Editor in 0.00 ms.
Mono: successfully reloaded assembly
- Completed reload, in  1.209 seconds
Platform modules already initialized, skipping
Registering precompiled user dll's ...
Registered in 0.002218 seconds.
Begin MonoManager ReloadAssembly
Symbol file LoadedFromMemory doesn't match image C:\Users\Camryn\git\2DRunner\Library\PackageCache\com.unity.visualscripting@1.6.1\Editor\VisualScripting.Core\Dependencies\YamlDotNet\Unity.VisualScripting.YamlDotNet.dll
Symbol file LoadedFromMemory doesn't match image C:\Users\Camryn\git\2DRunner\Library\PackageCache\com.unity.visualscripting@1.6.1\Editor\VisualScripting.Core\Dependencies\DotNetZip\Unity.VisualScripting.IonicZip.dll
Native extension for WindowsStandalone target not found
Native extension for OSXStandalone target not found
Refreshing native plugins compatible for Editor in 74.98 ms, found 2 plugins.
Preloading 0 native plugins for Editor in 0.00 ms.
Mono: successfully reloaded assembly
- Completed reload, in  0.931 seconds
Platform modules already initialized, skipping
========================================================================
Worker process is ready to serve import requests
Launched and connected shader compiler UnityShaderCompiler.exe after 0.03 seconds
Refreshing native plugins compatible for Editor in 0.63 ms, found 2 plugins.
Preloading 0 native plugins for Editor in 0.00 ms.
Unloading 3376 Unused Serialized files (Serialized files now loaded: 0)
System memory in use before: 128.0 MB.
System memory in use after: 128.1 MB.

Unloading 28 unused Assets to reduce memory usage. Loaded Objects now: 3830.
Total: 2.021300 ms (FindLiveObjects: 0.198100 ms CreateObjectMapping: 0.109200 ms MarkObjects: 1.625400 ms  DeleteObjects: 0.088100 ms)

========================================================================
Received Import Request.
  path: Assets/Prefabs/Terrain_Brick (8x8).prefab
  artifactKey: Guid(0c45055208922be438190e84c526ac89) Importer(815301076,1909f56bfc062723c751e8b465ee728b)
Start importing Assets/Prefabs/Terrain_Brick (8x8).prefab using Guid(0c45055208922be438190e84c526ac89) Importer(815301076,1909f56bfc062723c751e8b465ee728b)  -> (artifact id: '565fe2aa4f7c13a1e855746d064ff59d') in 0.077385 seconds 
========================================================================
Received Import Request.
  Time since last request: 0.000227 seconds.
  path: Assets/Prefabs/Background.prefab
  artifactKey: Guid(b7daac3133a034e4793ec25657bbed41) Importer(815301076,1909f56bfc062723c751e8b465ee728b)
Start importing Assets/Prefabs/Background.prefab using Guid(b7daac3133a034e4793ec25657bbed41) Importer(815301076,1909f56bfc062723c751e8b465ee728b)  -> (artifact id: 'a348d162bc6ed74168b9c001d9b046ca') in 0.006746 seconds 
========================================================================
Received Import Request.
  Time since last request: 0.000241 seconds.
  path: Assets/images/healthBar.jpg
  artifactKey: Guid(547fdee44a2f3d648a7530d63cec914c) Importer(815301076,1909f56bfc062723c751e8b465ee728b)
Start importing Assets/images/healthBar.jpg using Guid(547fdee44a2f3d648a7530d63cec914c) Importer(815301076,1909f56bfc062723c751e8b465ee728b)  -> (artifact id: '822ee0e4b2bf8efc5e810c1c7e1751d9') in 0.053084 seconds 
========================================================================
Received Import Request.
  Time since last request: 16.461734 seconds.
  path: Assets/images
  artifactKey: Guid(f9d992212321c874daf9b7a519b424e9) Importer(815301076,1909f56bfc062723c751e8b465ee728b)
Start importing Assets/images using Guid(f9d992212321c874daf9b7a519b424e9) Importer(815301076,1909f56bfc062723c751e8b465ee728b)  -> (artifact id: 'c54c9a3d77a3a346be2b5f6b6a67cf06') in 0.004602 seconds 
========================================================================
Received Prepare
Refreshing native plugins compatible for Editor in 2.36 ms, found 2 plugins.
Preloading 0 native plugins for Editor in 0.00 ms.
Unloading 14 Unused Serialized files (Serialized files now loaded: 0)
System memory in use before: 65.2 MB.
System memory in use after: 65.3 MB.

Unloading 14 unused Assets to reduce memory usage. Loaded Objects now: 3841.
Total: 2.887600 ms (FindLiveObjects: 0.218100 ms CreateObjectMapping: 0.125600 ms MarkObjects: 2.469800 ms  DeleteObjects: 0.073100 ms)

AssetImportWorkerClient::OnTransportError - code=2 error=End of file
